[2022-11-22 16:42:09,567] INFO Terminating process due to signal SIGHUP (org.apache.kafka.common.utils.LoggingSignalHandler)
[2022-11-22 16:42:09,577] INFO [KafkaServer id=0] shutting down (kafka.server.KafkaServer)
[2022-11-22 16:42:09,579] INFO [KafkaServer id=0] Starting controlled shutdown (kafka.server.KafkaServer)
[2022-11-22 16:42:09,606] INFO [KafkaServer id=0] Controlled shutdown request returned successfully after 22ms (kafka.server.KafkaServer)
[2022-11-22 16:42:09,609] INFO [/config/changes-event-process-thread]: Shutting down (kafka.common.ZkNodeChangeNotificationListener$ChangeEventProcessThread)
[2022-11-22 16:42:09,610] INFO [/config/changes-event-process-thread]: Stopped (kafka.common.ZkNodeChangeNotificationListener$ChangeEventProcessThread)
[2022-11-22 16:42:09,610] INFO [/config/changes-event-process-thread]: Shutdown completed (kafka.common.ZkNodeChangeNotificationListener$ChangeEventProcessThread)
[2022-11-22 16:42:09,611] INFO [SocketServer listenerType=ZK_BROKER, nodeId=0] Stopping socket server request processors (kafka.network.SocketServer)
[2022-11-22 16:42:09,618] INFO [SocketServer listenerType=ZK_BROKER, nodeId=0] Stopped socket server request processors (kafka.network.SocketServer)
[2022-11-22 16:42:09,619] INFO [data-plane Kafka Request Handler on Broker 0], shutting down (kafka.server.KafkaRequestHandlerPool)
[2022-11-22 16:42:09,621] INFO [data-plane Kafka Request Handler on Broker 0], shut down completely (kafka.server.KafkaRequestHandlerPool)
[2022-11-22 16:42:09,624] INFO [ExpirationReaper-0-AlterAcls]: Shutting down (kafka.server.DelayedOperationPurgatory$ExpiredOperationReaper)
[2022-11-22 16:42:09,626] INFO [ExpirationReaper-0-AlterAcls]: Stopped (kafka.server.DelayedOperationPurgatory$ExpiredOperationReaper)
[2022-11-22 16:42:09,626] INFO [ExpirationReaper-0-AlterAcls]: Shutdown completed (kafka.server.DelayedOperationPurgatory$ExpiredOperationReaper)
[2022-11-22 16:42:09,626] INFO [KafkaApi-0] Shutdown complete. (kafka.server.KafkaApis)
[2022-11-22 16:42:09,627] INFO [ExpirationReaper-0-topic]: Shutting down (kafka.server.DelayedOperationPurgatory$ExpiredOperationReaper)
[2022-11-22 16:42:09,628] INFO [ExpirationReaper-0-topic]: Stopped (kafka.server.DelayedOperationPurgatory$ExpiredOperationReaper)
[2022-11-22 16:42:09,628] INFO [ExpirationReaper-0-topic]: Shutdown completed (kafka.server.DelayedOperationPurgatory$ExpiredOperationReaper)
[2022-11-22 16:42:09,629] INFO [TransactionCoordinator id=0] Shutting down. (kafka.coordinator.transaction.TransactionCoordinator)
[2022-11-22 16:42:09,630] INFO [Transaction State Manager 0]: Shutdown complete (kafka.coordinator.transaction.TransactionStateManager)
[2022-11-22 16:42:09,630] INFO [Transaction Marker Channel Manager 0]: Shutting down (kafka.coordinator.transaction.TransactionMarkerChannelManager)
[2022-11-22 16:42:09,630] INFO [Transaction Marker Channel Manager 0]: Stopped (kafka.coordinator.transaction.TransactionMarkerChannelManager)
[2022-11-22 16:42:09,630] INFO [Transaction Marker Channel Manager 0]: Shutdown completed (kafka.coordinator.transaction.TransactionMarkerChannelManager)
[2022-11-22 16:42:09,631] INFO [TransactionCoordinator id=0] Shutdown complete. (kafka.coordinator.transaction.TransactionCoordinator)
[2022-11-22 16:42:09,631] INFO [GroupCoordinator 0]: Shutting down. (kafka.coordinator.group.GroupCoordinator)
[2022-11-22 16:42:09,632] INFO [ExpirationReaper-0-Heartbeat]: Shutting down (kafka.server.DelayedOperationPurgatory$ExpiredOperationReaper)
[2022-11-22 16:42:09,632] INFO [ExpirationReaper-0-Heartbeat]: Stopped (kafka.server.DelayedOperationPurgatory$ExpiredOperationReaper)
[2022-11-22 16:42:09,632] INFO [ExpirationReaper-0-Heartbeat]: Shutdown completed (kafka.server.DelayedOperationPurgatory$ExpiredOperationReaper)
[2022-11-22 16:42:09,633] INFO [ExpirationReaper-0-Rebalance]: Shutting down (kafka.server.DelayedOperationPurgatory$ExpiredOperationReaper)
[2022-11-22 16:42:09,633] INFO [ExpirationReaper-0-Rebalance]: Stopped (kafka.server.DelayedOperationPurgatory$ExpiredOperationReaper)
[2022-11-22 16:42:09,633] INFO [ExpirationReaper-0-Rebalance]: Shutdown completed (kafka.server.DelayedOperationPurgatory$ExpiredOperationReaper)
[2022-11-22 16:42:09,634] INFO [GroupCoordinator 0]: Shutdown complete. (kafka.coordinator.group.GroupCoordinator)
[2022-11-22 16:42:09,634] INFO [ReplicaManager broker=0] Shutting down (kafka.server.ReplicaManager)
[2022-11-22 16:42:09,635] INFO [LogDirFailureHandler]: Shutting down (kafka.server.ReplicaManager$LogDirFailureHandler)
[2022-11-22 16:42:09,635] INFO [LogDirFailureHandler]: Shutdown completed (kafka.server.ReplicaManager$LogDirFailureHandler)
[2022-11-22 16:42:09,635] INFO [LogDirFailureHandler]: Stopped (kafka.server.ReplicaManager$LogDirFailureHandler)
[2022-11-22 16:42:09,636] INFO [ReplicaFetcherManager on broker 0] shutting down (kafka.server.ReplicaFetcherManager)
[2022-11-22 16:42:09,636] INFO [ReplicaFetcherManager on broker 0] shutdown completed (kafka.server.ReplicaFetcherManager)
[2022-11-22 16:42:09,637] INFO [ReplicaAlterLogDirsManager on broker 0] shutting down (kafka.server.ReplicaAlterLogDirsManager)
[2022-11-22 16:42:09,637] INFO [ReplicaAlterLogDirsManager on broker 0] shutdown completed (kafka.server.ReplicaAlterLogDirsManager)
[2022-11-22 16:42:09,637] INFO [ExpirationReaper-0-Fetch]: Shutting down (kafka.server.DelayedOperationPurgatory$ExpiredOperationReaper)
[2022-11-22 16:42:09,638] INFO [ExpirationReaper-0-Fetch]: Stopped (kafka.server.DelayedOperationPurgatory$ExpiredOperationReaper)
[2022-11-22 16:42:09,638] INFO [ExpirationReaper-0-Fetch]: Shutdown completed (kafka.server.DelayedOperationPurgatory$ExpiredOperationReaper)
[2022-11-22 16:42:09,638] INFO [ExpirationReaper-0-Produce]: Shutting down (kafka.server.DelayedOperationPurgatory$ExpiredOperationReaper)
[2022-11-22 16:42:09,639] INFO [ExpirationReaper-0-Produce]: Stopped (kafka.server.DelayedOperationPurgatory$ExpiredOperationReaper)
[2022-11-22 16:42:09,639] INFO [ExpirationReaper-0-Produce]: Shutdown completed (kafka.server.DelayedOperationPurgatory$ExpiredOperationReaper)
[2022-11-22 16:42:09,639] INFO [ExpirationReaper-0-DeleteRecords]: Shutting down (kafka.server.DelayedOperationPurgatory$ExpiredOperationReaper)
[2022-11-22 16:42:09,640] INFO [ExpirationReaper-0-DeleteRecords]: Stopped (kafka.server.DelayedOperationPurgatory$ExpiredOperationReaper)
[2022-11-22 16:42:09,640] INFO [ExpirationReaper-0-DeleteRecords]: Shutdown completed (kafka.server.DelayedOperationPurgatory$ExpiredOperationReaper)
[2022-11-22 16:42:09,640] INFO [ExpirationReaper-0-ElectLeader]: Shutting down (kafka.server.DelayedOperationPurgatory$ExpiredOperationReaper)
[2022-11-22 16:42:09,641] INFO [ExpirationReaper-0-ElectLeader]: Stopped (kafka.server.DelayedOperationPurgatory$ExpiredOperationReaper)
[2022-11-22 16:42:09,641] INFO [ExpirationReaper-0-ElectLeader]: Shutdown completed (kafka.server.DelayedOperationPurgatory$ExpiredOperationReaper)
[2022-11-22 16:42:09,643] INFO [ReplicaManager broker=0] Shut down completely (kafka.server.ReplicaManager)
[2022-11-22 16:42:09,644] INFO [BrokerToControllerChannelManager broker=0 name=alterPartition]: Shutting down (kafka.server.BrokerToControllerRequestThread)
[2022-11-22 16:42:09,644] INFO [BrokerToControllerChannelManager broker=0 name=alterPartition]: Stopped (kafka.server.BrokerToControllerRequestThread)
[2022-11-22 16:42:09,644] INFO [BrokerToControllerChannelManager broker=0 name=alterPartition]: Shutdown completed (kafka.server.BrokerToControllerRequestThread)
[2022-11-22 16:42:09,645] INFO Broker to controller channel manager for alterPartition shutdown (kafka.server.BrokerToControllerChannelManagerImpl)
[2022-11-22 16:42:09,646] INFO [BrokerToControllerChannelManager broker=0 name=forwarding]: Shutting down (kafka.server.BrokerToControllerRequestThread)
[2022-11-22 16:42:09,646] INFO [BrokerToControllerChannelManager broker=0 name=forwarding]: Stopped (kafka.server.BrokerToControllerRequestThread)
[2022-11-22 16:42:09,646] INFO [BrokerToControllerChannelManager broker=0 name=forwarding]: Shutdown completed (kafka.server.BrokerToControllerRequestThread)
[2022-11-22 16:42:09,647] INFO Broker to controller channel manager for forwarding shutdown (kafka.server.BrokerToControllerChannelManagerImpl)
[2022-11-22 16:42:09,647] INFO Shutting down. (kafka.log.LogManager)
[2022-11-22 16:42:09,700] INFO Shutdown complete. (kafka.log.LogManager)
[2022-11-22 16:42:09,707] INFO [feature-zk-node-event-process-thread]: Shutting down (kafka.server.FinalizedFeatureChangeListener$ChangeNotificationProcessorThread)
[2022-11-22 16:42:09,707] INFO [feature-zk-node-event-process-thread]: Shutdown completed (kafka.server.FinalizedFeatureChangeListener$ChangeNotificationProcessorThread)
[2022-11-22 16:42:09,707] INFO [feature-zk-node-event-process-thread]: Stopped (kafka.server.FinalizedFeatureChangeListener$ChangeNotificationProcessorThread)
[2022-11-22 16:42:09,708] INFO [ZooKeeperClient Kafka server] Closing. (kafka.zookeeper.ZooKeeperClient)
[2022-11-22 16:42:09,824] INFO Session: 0x1004302ee550001 closed (org.apache.zookeeper.ZooKeeper)
[2022-11-22 16:42:09,824] INFO EventThread shut down for session: 0x1004302ee550001 (org.apache.zookeeper.ClientCnxn)
[2022-11-22 16:42:09,825] INFO [ZooKeeperClient Kafka server] Closed. (kafka.zookeeper.ZooKeeperClient)
[2022-11-22 16:42:09,826] INFO [ThrottledChannelReaper-Fetch]: Shutting down (kafka.server.ClientQuotaManager$ThrottledChannelReaper)
[2022-11-22 16:42:09,827] INFO [ThrottledChannelReaper-Fetch]: Stopped (kafka.server.ClientQuotaManager$ThrottledChannelReaper)
[2022-11-22 16:42:09,827] INFO [ThrottledChannelReaper-Fetch]: Shutdown completed (kafka.server.ClientQuotaManager$ThrottledChannelReaper)
[2022-11-22 16:42:09,827] INFO [ThrottledChannelReaper-Produce]: Shutting down (kafka.server.ClientQuotaManager$ThrottledChannelReaper)
[2022-11-22 16:42:09,827] INFO [ThrottledChannelReaper-Produce]: Stopped (kafka.server.ClientQuotaManager$ThrottledChannelReaper)
[2022-11-22 16:42:09,827] INFO [ThrottledChannelReaper-Produce]: Shutdown completed (kafka.server.ClientQuotaManager$ThrottledChannelReaper)
[2022-11-22 16:42:09,827] INFO [ThrottledChannelReaper-Request]: Shutting down (kafka.server.ClientQuotaManager$ThrottledChannelReaper)
[2022-11-22 16:42:09,828] INFO [ThrottledChannelReaper-Request]: Shutdown completed (kafka.server.ClientQuotaManager$ThrottledChannelReaper)
[2022-11-22 16:42:09,828] INFO [ThrottledChannelReaper-Request]: Stopped (kafka.server.ClientQuotaManager$ThrottledChannelReaper)
[2022-11-22 16:42:09,828] INFO [ThrottledChannelReaper-ControllerMutation]: Shutting down (kafka.server.ClientQuotaManager$ThrottledChannelReaper)
[2022-11-22 16:42:09,828] INFO [ThrottledChannelReaper-ControllerMutation]: Shutdown completed (kafka.server.ClientQuotaManager$ThrottledChannelReaper)
[2022-11-22 16:42:09,828] INFO [ThrottledChannelReaper-ControllerMutation]: Stopped (kafka.server.ClientQuotaManager$ThrottledChannelReaper)
[2022-11-22 16:42:09,829] INFO [SocketServer listenerType=ZK_BROKER, nodeId=0] Shutting down socket server (kafka.network.SocketServer)
[2022-11-22 16:42:09,843] INFO [SocketServer listenerType=ZK_BROKER, nodeId=0] Shutdown completed (kafka.network.SocketServer)
[2022-11-22 16:42:09,844] INFO Metrics scheduler closed (org.apache.kafka.common.metrics.Metrics)
[2022-11-22 16:42:09,844] INFO Closing reporter org.apache.kafka.common.metrics.JmxReporter (org.apache.kafka.common.metrics.Metrics)
[2022-11-22 16:42:09,844] INFO Metrics reporters closed (org.apache.kafka.common.metrics.Metrics)
[2022-11-22 16:42:09,846] INFO Broker and topic stats closed (kafka.server.BrokerTopicStats)
[2022-11-22 16:42:09,846] INFO App info kafka.server for 0 unregistered (org.apache.kafka.common.utils.AppInfoParser)
[2022-11-22 16:42:09,847] INFO [KafkaServer id=0] shut down completed (kafka.server.KafkaServer)
